  main.cpp
c:\mycode\c-c++\停车场test\停车场test\sqlist.h(16): error C2601: “CreateList”: 本地函数定义是非法的
  c:\mycode\c-c++\停车场test\停车场test\stopplace.h(81): note: 此行有一个“{”没有匹配项
c:\mycode\c-c++\停车场test\停车场test\sqlist.h(26): error C2601: “InitList”: 本地函数定义是非法的
  c:\mycode\c-c++\停车场test\停车场test\stopplace.h(81): note: 此行有一个“{”没有匹配项
c:\mycode\c-c++\停车场test\停车场test\sqlist.h(31): error C2601: “Destroy”: 本地函数定义是非法的
  c:\mycode\c-c++\停车场test\停车场test\stopplace.h(81): note: 此行有一个“{”没有匹配项
c:\mycode\c-c++\停车场test\停车场test\sqlist.h(35): error C2601: “ListEmpty”: 本地函数定义是非法的
  c:\mycode\c-c++\停车场test\停车场test\stopplace.h(81): note: 此行有一个“{”没有匹配项
c:\mycode\c-c++\停车场test\停车场test\sqlist.h(39): error C2601: “ListLength”: 本地函数定义是非法的
  c:\mycode\c-c++\停车场test\停车场test\stopplace.h(81): note: 此行有一个“{”没有匹配项
c:\mycode\c-c++\停车场test\停车场test\sqlist.h(43): error C2601: “DispList”: 本地函数定义是非法的
  c:\mycode\c-c++\停车场test\停车场test\stopplace.h(81): note: 此行有一个“{”没有匹配项
c:\mycode\c-c++\停车场test\停车场test\sqlist.h(50): error C2601: “GetElem”: 本地函数定义是非法的
  c:\mycode\c-c++\停车场test\停车场test\stopplace.h(81): note: 此行有一个“{”没有匹配项
c:\mycode\c-c++\停车场test\停车场test\sqlist.h(57): error C2601: “LocateElem”: 本地函数定义是非法的
  c:\mycode\c-c++\停车场test\停车场test\stopplace.h(81): note: 此行有一个“{”没有匹配项
c:\mycode\c-c++\停车场test\停车场test\sqlist.h(65): error C2601: “ListInsert”: 本地函数定义是非法的
  c:\mycode\c-c++\停车场test\停车场test\stopplace.h(81): note: 此行有一个“{”没有匹配项
c:\mycode\c-c++\停车场test\停车场test\sqlist.h(78): error C2601: “ListDelete”: 本地函数定义是非法的
  c:\mycode\c-c++\停车场test\停车场test\stopplace.h(81): note: 此行有一个“{”没有匹配项
c:\mycode\c-c++\停车场test\停车场test\main.cpp(7): error C2601: “main”: 本地函数定义是非法的
  c:\mycode\c-c++\停车场test\停车场test\stopplace.h(81): note: 此行有一个“{”没有匹配项
c:\mycode\c-c++\停车场test\停车场test\main.cpp(24): warning C4566: 由通用字符名称“\u00A0”表示的字符不能在当前代码页(936)中表示出来
c:\mycode\c-c++\停车场test\停车场test\main.cpp(37): warning C4566: 由通用字符名称“\u00A0”表示的字符不能在当前代码页(936)中表示出来
c:\mycode\c-c++\停车场test\停车场test\main.cpp(118): error C3873: “0xa0”: 不允许将此字符作为标识符的第一个字符
c:\mycode\c-c++\停车场test\停车场test\main.cpp(136): error C3872: “0xa0”: 此字符不允许在标识符中使用
c:\mycode\c-c++\停车场test\停车场test\main.cpp(141): error C3872: “0xa0”: 此字符不允许在标识符中使用
c:\mycode\c-c++\停车场test\停车场test\main.cpp(144): warning C4566: 由通用字符名称“\u00A0”表示的字符不能在当前代码页(936)中表示出来
c:\mycode\c-c++\停车场test\停车场test\main.cpp(154): error C2562: “Ip7”:“void”函数返回值
  c:\mycode\c-c++\停车场test\停车场test\stopplace.h(80): note: 参见“Ip7”的声明
c:\mycode\c-c++\停车场test\停车场test\sqlist.h(18): error C2065: “SqList”: 未声明的标识符
c:\mycode\c-c++\停车场test\停车场test\sqlist.h(18): error C2059: 语法错误:“)”
c:\mycode\c-c++\停车场test\停车场test\sqlist.h(27): error C2065: “SqList”: 未声明的标识符
c:\mycode\c-c++\停车场test\停车场test\sqlist.h(27): error C2059: 语法错误:“)”
c:\mycode\c-c++\停车场test\停车场test\main.cpp(9): error C2065: “SqList”: 未声明的标识符
c:\mycode\c-c++\停车场test\停车场test\main.cpp(9): error C2065: “L”: 未声明的标识符
c:\mycode\c-c++\停车场test\停车场test\main.cpp(10): error C2065: “L”: 未声明的标识符
c:\mycode\c-c++\停车场test\停车场test\main.cpp(10): error C3861: “InitList”: 找不到标识符
c:\mycode\c-c++\停车场test\停车场test\main.cpp(12): error C2065: “ElemType”: 未声明的标识符
c:\mycode\c-c++\停车场test\停车场test\main.cpp(12): error C2146: 语法错误: 缺少“;”(在标识符“e”的前面)
c:\mycode\c-c++\停车场test\停车场test\main.cpp(12): error C2065: “e”: 未声明的标识符
c:\mycode\c-c++\停车场test\停车场test\main.cpp(22): error C2065: “L”: 未声明的标识符
c:\mycode\c-c++\停车场test\停车场test\main.cpp(22): error C3861: “CreateList”: 找不到标识符
c:\mycode\c-c++\停车场test\停车场test\main.cpp(26): error C2065: “L”: 未声明的标识符
c:\mycode\c-c++\停车场test\停车场test\main.cpp(26): error C3861: “ListLength”: 找不到标识符
c:\mycode\c-c++\停车场test\停车场test\main.cpp(27): error C2065: “L”: 未声明的标识符
c:\mycode\c-c++\停车场test\停车场test\main.cpp(27): error C3861: “DispList”: 找不到标识符
c:\mycode\c-c++\停车场test\停车场test\main.cpp(34): error C2065: “L”: 未声明的标识符
c:\mycode\c-c++\停车场test\停车场test\main.cpp(34): error C3861: “ListLength”: 找不到标识符
c:\mycode\c-c++\停车场test\停车场test\main.cpp(38): error C2065: “e”: 未声明的标识符
c:\mycode\c-c++\停车场test\停车场test\main.cpp(38): error C3861: “Gettt1”: 找不到标识符
c:\mycode\c-c++\停车场test\停车场test\main.cpp(39): error C2065: “e”: 未声明的标识符
c:\mycode\c-c++\停车场test\停车场test\main.cpp(39): error C2228: “.digit”的左边必须有类/结构/联合
  c:\mycode\c-c++\停车场test\停车场test\main.cpp(39): note: 类型是“unknown-type”
c:\mycode\c-c++\停车场test\停车场test\main.cpp(45): error C2065: “L”: 未声明的标识符
c:\mycode\c-c++\停车场test\停车场test\main.cpp(45): error C3861: “ListLength”: 找不到标识符
c:\mycode\c-c++\停车场test\停车场test\main.cpp(47): error C2065: “L”: 未声明的标识符
c:\mycode\c-c++\停车场test\停车场test\main.cpp(47): error C2227: “->data”的左边必须指向类/结构/联合/泛型类型
  c:\mycode\c-c++\停车场test\停车场test\main.cpp(47): note: 类型是“unknown-type”
c:\mycode\c-c++\停车场test\停车场test\main.cpp(47): error C2228: “.site”的左边必须有类/结构/联合
c:\mycode\c-c++\停车场test\停车场test\main.cpp(52): error C2065: “e”: 未声明的标识符
c:\mycode\c-c++\停车场test\停车场test\main.cpp(52): error C3861: “Get1”: 找不到标识符
c:\mycode\c-c++\停车场test\停车场test\main.cpp(53): error C2065: “L”: 未声明的标识符
c:\mycode\c-c++\停车场test\停车场test\main.cpp(53): error C3861: “ListLength”: 找不到标识符
c:\mycode\c-c++\停车场test\停车场test\main.cpp(53): error C2065: “e”: 未声明的标识符
c:\mycode\c-c++\停车场test\停车场test\main.cpp(53): error C3861: “ListInsert”: 找不到标识符
c:\mycode\c-c++\停车场test\停车场test\main.cpp(56): error C2065: “L”: 未声明的标识符
c:\mycode\c-c++\停车场test\停车场test\main.cpp(56): error C3861: “DispList”: 找不到标识符
c:\mycode\c-c++\停车场test\停车场test\main.cpp(71): error C2065: “L”: 未声明的标识符
c:\mycode\c-c++\停车场test\停车场test\main.cpp(71): error C3861: “ListEmpty”: 找不到标识符
c:\mycode\c-c++\停车场test\停车场test\main.cpp(74): error C2065: “ElemType”: 未声明的标识符
c:\mycode\c-c++\停车场test\停车场test\main.cpp(74): error C2146: 语法错误: 缺少“;”(在标识符“i1”的前面)
c:\mycode\c-c++\停车场test\停车场test\main.cpp(74): error C2065: “i1”: 未声明的标识符
c:\mycode\c-c++\停车场test\停车场test\main.cpp(75): error C2065: “i1”: 未声明的标识符
c:\mycode\c-c++\停车场test\停车场test\main.cpp(75): error C2228: “.num”的左边必须有类/结构/联合
  c:\mycode\c-c++\停车场test\停车场test\main.cpp(75): note: 类型是“unknown-type”
c:\mycode\c-c++\停车场test\停车场test\main.cpp(76): error C2065: “L”: 未声明的标识符
c:\mycode\c-c++\停车场test\停车场test\main.cpp(76): error C2065: “i1”: 未声明的标识符
c:\mycode\c-c++\停车场test\停车场test\main.cpp(76): error C3861: “LocateElem”: 找不到标识符
c:\mycode\c-c++\停车场test\停车场test\main.cpp(76): error C2065: “e”: 未声明的标识符
c:\mycode\c-c++\停车场test\停车场test\main.cpp(76): error C3861: “ListDelete”: 找不到标识符
c:\mycode\c-c++\停车场test\停车场test\main.cpp(77): error C2065: “e”: 未声明的标识符
c:\mycode\c-c++\停车场test\停车场test\main.cpp(77): error C2228: “.num”的左边必须有类/结构/联合
  c:\mycode\c-c++\停车场test\停车场test\main.cpp(77): note: 类型是“unknown-type”
c:\mycode\c-c++\停车场test\停车场test\main.cpp(78): error C2065: “e”: 未声明的标识符
c:\mycode\c-c++\停车场test\停车场test\main.cpp(78): error C2228: “.num”的左边必须有类/结构/联合
  c:\mycode\c-c++\停车场test\停车场test\main.cpp(78): note: 类型是“unknown-type”
c:\mycode\c-c++\停车场test\停车场test\main.cpp(80): error C2065: “e”: 未声明的标识符
c:\mycode\c-c++\停车场test\停车场test\main.cpp(80): error C2228: “.time”的左边必须有类/结构/联合
  c:\mycode\c-c++\停车场test\停车场test\main.cpp(80): note: 类型是“unknown-type”
c:\mycode\c-c++\停车场test\停车场test\main.cpp(84): error C2065: “e”: 未声明的标识符
c:\mycode\c-c++\停车场test\停车场test\main.cpp(84): error C3861: “Getn1”: 找不到标识符
c:\mycode\c-c++\停车场test\停车场test\main.cpp(85): error C2065: “e”: 未声明的标识符
c:\mycode\c-c++\停车场test\停车场test\main.cpp(85): error C2228: “.num”的左边必须有类/结构/联合
  c:\mycode\c-c++\停车场test\停车场test\main.cpp(85): note: 类型是“unknown-type”
c:\mycode\c-c++\停车场test\停车场test\main.cpp(86): error C2065: “e”: 未声明的标识符
c:\mycode\c-c++\停车场test\停车场test\main.cpp(86): error C3861: “Gett”: 找不到标识符
c:\mycode\c-c++\停车场test\停车场test\main.cpp(87): error C2065: “L”: 未声明的标识符
c:\mycode\c-c++\停车场test\停车场test\main.cpp(87): error C3861: “ListLength”: 找不到标识符
c:\mycode\c-c++\停车场test\停车场test\main.cpp(87): error C2065: “e”: 未声明的标识符
c:\mycode\c-c++\停车场test\停车场test\main.cpp(87): error C3861: “ListInsert”: 找不到标识符
c:\mycode\c-c++\停车场test\停车场test\main.cpp(91): error C2065: “x1”: 未声明的标识符
c:\mycode\c-c++\停车场test\停车场test\main.cpp(91): error C2065: “e”: 未声明的标识符
c:\mycode\c-c++\停车场test\停车场test\main.cpp(91): error C2228: “.place”的左边必须有类/结构/联合
  c:\mycode\c-c++\停车场test\停车场test\main.cpp(91): note: 类型是“unknown-type”
c:\mycode\c-c++\停车场test\停车场test\main.cpp(92): error C2065: “x1”: 未声明的标识符
c:\mycode\c-c++\停车场test\停车场test\main.cpp(99): error C2065: “L”: 未声明的标识符
c:\mycode\c-c++\停车场test\停车场test\main.cpp(99): error C3861: “ListEmpty”: 找不到标识符
c:\mycode\c-c++\停车场test\停车场test\main.cpp(101): error C2065: “L”: 未声明的标识符
c:\mycode\c-c++\停车场test\停车场test\main.cpp(101): error C3861: “DispList”: 找不到标识符
c:\mycode\c-c++\停车场test\停车场test\main.cpp(117): error C2046: 非法的 case
c:\mycode\c-c++\停车场test\停车场test\main.cpp(118): error C2065: “ ”: 未声明的标识符
c:\mycode\c-c++\停车场test\停车场test\main.cpp(118): error C2146: 语法错误: 缺少“;”(在标识符“cout”的前面)
c:\mycode\c-c++\停车场test\停车场test\main.cpp(119): error C2181: 没有匹配 if 的非法 else
c:\mycode\c-c++\停车场test\停车场test\main.cpp(123): error C3861: “Gettt”: 找不到标识符
c:\mycode\c-c++\停车场test\停车场test\main.cpp(126): error C2065: “x2”: 未声明的标识符
c:\mycode\c-c++\停车场test\停车场test\main.cpp(127): error C2065: “x2”: 未声明的标识符
c:\mycode\c-c++\停车场test\停车场test\main.cpp(136): error C2065: “else ”: 未声明的标识符
c:\mycode\c-c++\停车场test\停车场test\main.cpp(136): error C2146: 语法错误: 缺少“;”(在标识符“cout”的前面)
c:\mycode\c-c++\停车场test\停车场test\main.cpp(141): error C2065: “else ”: 未声明的标识符
c:\mycode\c-c++\停车场test\停车场test\main.cpp(141): error C2146: 语法错误: 缺少“;”(在标识符“cout”的前面)
c:\mycode\c-c++\停车场test\停车场test\main.cpp(143): error C2046: 非法的 case
c:\mycode\c-c++\停车场test\停车场test\main.cpp(145): error C2065: “L”: 未声明的标识符
c:\mycode\c-c++\停车场test\停车场test\main.cpp(145): error C3861: “DestroyList”: 找不到标识符
c:\mycode\c-c++\停车场test\停车场test\main.cpp(145): fatal error C1003: 错误计数超过 100；正在停止编译
